<?xml version="1.0" encoding="UTF-8"?>
<Site BuildName="(empty)"
	BuildStamp="20250516-0219-Experimental"
	Name="(empty)"
	Generator="ctest-3.22.1"
	CompilerName=""
	CompilerVersion=""
	OSName="Linux"
	Hostname="otus-study"
	OSRelease="5.15.0-138-generic"
	OSVersion="#148-Ubuntu SMP Fri Mar 14 19:05:48 UTC 2025"
	OSPlatform="x86_64"
	Is64Bits="1"
	VendorString="GenuineIntel"
	VendorID="Intel Corporation"
	FamilyID="15"
	ModelID="107"
	ProcessorCacheSize="16384"
	NumberOfLogicalCPU="4"
	NumberOfPhysicalCPU="4"
	TotalVirtualMemory="0"
	TotalPhysicalMemory="15989"
	LogicalProcessorsPerPhysical="1"
	ProcessorClockFrequency="2300"
	>
	<Testing>
		<StartDateTime>May 16 02:22 UTC</StartDateTime>
		<StartTestTime>1747362151</StartTestTime>
		<TestList/>
		<EndDateTime>May 16 02:22 UTC</EndDateTime>
		<EndTestTime>1747362151</EndTestTime>
		<ElapsedMinutes>0</ElapsedMinutes>
	</Testing>
</Site>
